<?xml version="1.0" encoding="UTF-8"?>
<!-- Generated by org.testng.reporters.JUnitReportReporter -->
<testsuite skipped="0" hostname="avinash-PC" name="com.destinationdetails.tests.goibiboDatePickertest" tests="1" failures="0" timestamp="31 Aug 2020 17:29:11 GMT" time="12.994" errors="1">
  <testcase name="datePicker" time="12.994" classname="com.destinationdetails.tests.goibiboDatePickertest">
    <error type="org.openqa.selenium.SessionNotCreatedException" message="session not created: This version of ChromeDriver only supports Chrome version 85
Build info: version: &#039;3.14.0&#039;, revision: &#039;aacccce0&#039;, time: &#039;2018-08-02T20:19:58.91Z&#039;
System info: host: &#039;AVINASH-PC&#039;, ip: &#039;192.168.0.126&#039;, os.name: &#039;Windows 7&#039;, os.arch: &#039;amd64&#039;, os.version: &#039;6.1&#039;, java.version: &#039;1.8.0_181&#039;
Driver info: driver.version: ChromeDriver
remote stacktrace: Backtrace:
	Ordinal0 [0x00BED383+3134339]
	Ordinal0 [0x00ADA171+2007409]
	Ordinal0 [0x0097AEE8+569064]
	Ordinal0 [0x0090139F+70559]
	Ordinal0 [0x008FCC63+52323]
	Ordinal0 [0x00920DFC+200188]
	Ordinal0 [0x00920C1D+199709]
	Ordinal0 [0x0091EB0B+191243]
	Ordinal0 [0x00902E77+77431]
	Ordinal0 [0x00903E3E+81470]
	Ordinal0 [0x00903DC9+81353]
	Ordinal0 [0x00AF0CD9+2100441]
	GetHandleVerifier [0x00D5B75A+1396954]
	GetHandleVerifier [0x00D5B3D9+1396057]
	GetHandleVerifier [0x00D67126+1444518]
	GetHandleVerifier [0x00D5BCE8+1398376]
	Ordinal0 [0x00AE7F51+2064209]
	Ordinal0 [0x00AF22EB+2106091]
	Ordinal0 [0x00AF2411+2106385]
	Ordinal0 [0x00B049C4+2181572]
	BaseThreadInitThunk [0x75723677+18]
	RtlInitializeExceptionChain [0x77739D72+99]
	RtlInitializeExceptionChain [0x77739D45+54]
">
      <![CDATA[org.openqa.selenium.SessionNotCreatedException: session not created: This version of ChromeDriver only supports Chrome version 85
Build info: version: '3.14.0', revision: 'aacccce0', time: '2018-08-02T20:19:58.91Z'
System info: host: 'AVINASH-PC', ip: '192.168.0.126', os.name: 'Windows 7', os.arch: 'amd64', os.version: '6.1', java.version: '1.8.0_181'
Driver info: driver.version: ChromeDriver
remote stacktrace: Backtrace:
Ordinal0 [0x00BED383+3134339]
Ordinal0 [0x00ADA171+2007409]
Ordinal0 [0x0097AEE8+569064]
Ordinal0 [0x0090139F+70559]
Ordinal0 [0x008FCC63+52323]
Ordinal0 [0x00920DFC+200188]
Ordinal0 [0x00920C1D+199709]
Ordinal0 [0x0091EB0B+191243]
Ordinal0 [0x00902E77+77431]
Ordinal0 [0x00903E3E+81470]
Ordinal0 [0x00903DC9+81353]
Ordinal0 [0x00AF0CD9+2100441]
GetHandleVerifier [0x00D5B75A+1396954]
GetHandleVerifier [0x00D5B3D9+1396057]
GetHandleVerifier [0x00D67126+1444518]
GetHandleVerifier [0x00D5BCE8+1398376]
Ordinal0 [0x00AE7F51+2064209]
Ordinal0 [0x00AF22EB+2106091]
Ordinal0 [0x00AF2411+2106385]
Ordinal0 [0x00B049C4+2181572]
BaseThreadInitThunk [0x75723677+18]
RtlInitializeExceptionChain [0x77739D72+99]
RtlInitializeExceptionChain [0x77739D45+54]

at sun.reflect.NativeConstructorAccessorImpl.newInstance0(Native Method)
at sun.reflect.NativeConstructorAccessorImpl.newInstance(NativeConstructorAccessorImpl.java:62)
at sun.reflect.DelegatingConstructorAccessorImpl.newInstance(DelegatingConstructorAccessorImpl.java:45)
at java.lang.reflect.Constructor.newInstance(Constructor.java:423)
at org.openqa.selenium.remote.W3CHandshakeResponse.lambda$new$0(W3CHandshakeResponse.java:57)
at org.openqa.selenium.remote.W3CHandshakeResponse.lambda$getResponseFunction$2(W3CHandshakeResponse.java:104)
at org.openqa.selenium.remote.ProtocolHandshake.lambda$createSession$0(ProtocolHandshake.java:122)
at java.util.stream.ReferencePipeline$3$1.accept(ReferencePipeline.java:193)
at java.util.Spliterators$ArraySpliterator.tryAdvance(Spliterators.java:958)
at java.util.stream.ReferencePipeline.forEachWithCancel(ReferencePipeline.java:126)
at java.util.stream.AbstractPipeline.copyIntoWithCancel(AbstractPipeline.java:498)
at java.util.stream.AbstractPipeline.copyInto(AbstractPipeline.java:485)
at java.util.stream.AbstractPipeline.wrapAndCopyInto(AbstractPipeline.java:471)
at java.util.stream.FindOps$FindOp.evaluateSequential(FindOps.java:152)
at java.util.stream.AbstractPipeline.evaluate(AbstractPipeline.java:234)
at java.util.stream.ReferencePipeline.findFirst(ReferencePipeline.java:464)
at org.openqa.selenium.remote.ProtocolHandshake.createSession(ProtocolHandshake.java:125)
at org.openqa.selenium.remote.ProtocolHandshake.createSession(ProtocolHandshake.java:73)
at org.openqa.selenium.remote.HttpCommandExecutor.execute(HttpCommandExecutor.java:136)
at org.openqa.selenium.remote.service.DriverCommandExecutor.execute(DriverCommandExecutor.java:83)
at org.openqa.selenium.remote.RemoteWebDriver.execute(RemoteWebDriver.java:548)
at org.openqa.selenium.remote.RemoteWebDriver.startSession(RemoteWebDriver.java:212)
at org.openqa.selenium.remote.RemoteWebDriver.<init>(RemoteWebDriver.java:130)
at org.openqa.selenium.chrome.ChromeDriver.<init>(ChromeDriver.java:181)
at org.openqa.selenium.chrome.ChromeDriver.<init>(ChromeDriver.java:168)
at org.openqa.selenium.chrome.ChromeDriver.<init>(ChromeDriver.java:123)
at com.goibibo.keywords.Keywords.openBrowser(Keywords.java:62)
at com.destinationdetails.tests.goibiboDatePickertest.datePicker(goibiboDatePickertest.java:15)
at sun.reflect.NativeMethodAccessorImpl.invoke0(Native Method)
at sun.reflect.NativeMethodAccessorImpl.invoke(NativeMethodAccessorImpl.java:62)
at sun.reflect.DelegatingMethodAccessorImpl.invoke(DelegatingMethodAccessorImpl.java:43)
at java.lang.reflect.Method.invoke(Method.java:498)
at org.testng.internal.MethodInvocationHelper.invokeMethod(MethodInvocationHelper.java:124)
at org.testng.internal.Invoker.invokeMethod(Invoker.java:583)
at org.testng.internal.Invoker.invokeTestMethod(Invoker.java:719)
at org.testng.internal.Invoker.invokeTestMethods(Invoker.java:989)
at org.testng.internal.TestMethodWorker.invokeTestMethods(TestMethodWorker.java:125)
at org.testng.internal.TestMethodWorker.run(TestMethodWorker.java:109)
at org.testng.TestRunner.privateRun(TestRunner.java:648)
at org.testng.TestRunner.run(TestRunner.java:505)
at org.testng.SuiteRunner.runTest(SuiteRunner.java:455)
at org.testng.SuiteRunner.runSequentially(SuiteRunner.java:450)
at org.testng.SuiteRunner.privateRun(SuiteRunner.java:415)
at org.testng.SuiteRunner.run(SuiteRunner.java:364)
at org.testng.SuiteRunnerWorker.runSuite(SuiteRunnerWorker.java:52)
at org.testng.SuiteRunnerWorker.run(SuiteRunnerWorker.java:84)
at org.testng.TestNG.runSuitesSequentially(TestNG.java:1208)
at org.testng.TestNG.runSuitesLocally(TestNG.java:1137)
at org.testng.TestNG.runSuites(TestNG.java:1049)
at org.testng.TestNG.run(TestNG.java:1017)
at org.testng.remote.AbstractRemoteTestNG.run(AbstractRemoteTestNG.java:114)
at org.testng.remote.RemoteTestNG.initAndRun(RemoteTestNG.java:251)
at org.testng.remote.RemoteTestNG.main(RemoteTestNG.java:77)
]]>
    </error>
  </testcase> <!-- datePicker -->
</testsuite> <!-- com.destinationdetails.tests.goibiboDatePickertest -->
